2021-01-31 09:45:05,080 [INFO] from application in play-dev-mode-akka.actor.default-dispatcher-11 - ApplicationTimer demo: Starting application at 2021-01-31T02:45:05.079Z
2021-01-31 09:45:05,126 [INFO] from play.api.http.EnabledFilters in play-dev-mode-akka.actor.default-dispatcher-11 - Enabled Filters (see <https://www.playframework.com/documentation/latest/Filters>):

    play.filters.csrf.CSRFFilter
    play.filters.headers.SecurityHeadersFilter
    play.filters.hosts.AllowedHostsFilter
    filters.ExampleFilter

2021-01-31 09:45:05,349 [INFO] from play.api.Play in play-dev-mode-akka.actor.default-dispatcher-11 - Application started (Dev) (no global state)
2021-01-31 09:47:18,603 [INFO] from application in application-akka.actor.internal-dispatcher-24 - ApplicationTimer demo: Stopping application at 2021-01-31T02:47:18.603Z after 133s.
2021-01-31 09:47:18,862 [INFO] from application in play-dev-mode-akka.actor.default-dispatcher-37 - ApplicationTimer demo: Starting application at 2021-01-31T02:47:18.861Z
2021-01-31 09:47:18,866 [INFO] from play.api.http.EnabledFilters in play-dev-mode-akka.actor.default-dispatcher-37 - Enabled Filters (see <https://www.playframework.com/documentation/latest/Filters>):

    play.filters.csrf.CSRFFilter
    play.filters.headers.SecurityHeadersFilter
    play.filters.hosts.AllowedHostsFilter
    filters.ExampleFilter

2021-01-31 09:47:18,874 [INFO] from play.api.Play in play-dev-mode-akka.actor.default-dispatcher-37 - Application started (Dev) (no global state)
2021-01-31 09:48:23,185 [INFO] from application in application-akka.actor.internal-dispatcher-18 - ApplicationTimer demo: Stopping application at 2021-01-31T02:48:23.185Z after 65s.
2021-01-31 09:48:23,414 [INFO] from application in play-dev-mode-akka.actor.default-dispatcher-16 - ApplicationTimer demo: Starting application at 2021-01-31T02:48:23.414Z
2021-01-31 09:48:23,419 [INFO] from play.api.http.EnabledFilters in play-dev-mode-akka.actor.default-dispatcher-16 - Enabled Filters (see <https://www.playframework.com/documentation/latest/Filters>):

    play.filters.csrf.CSRFFilter
    play.filters.headers.SecurityHeadersFilter
    play.filters.hosts.AllowedHostsFilter
    filters.ExampleFilter

2021-01-31 09:48:23,427 [INFO] from play.api.Play in play-dev-mode-akka.actor.default-dispatcher-16 - Application started (Dev) (no global state)
2021-01-31 09:56:40,030 [ERROR] from play.api.http.DefaultHttpErrorHandler in play-dev-mode-akka.actor.default-dispatcher-158 - 

! @7iibikcie - Internal server error, for (GET) [/cards] ->
 
play.sbt.PlayExceptions$CompilationException: Compilation error[unclosed character literal (or use " for string literal "buttons")]
	at play.sbt.PlayExceptions$CompilationException$.apply(PlayExceptions.scala:34)
	at play.sbt.PlayExceptions$CompilationException$.apply(PlayExceptions.scala:34)
	at scala.Option.map(Option.scala:230)
	at play.sbt.run.PlayReload$.$anonfun$taskFailureHandler$1(PlayReload.scala:42)
	at scala.Option.map(Option.scala:230)
	at play.sbt.run.PlayReload$.taskFailureHandler(PlayReload.scala:37)
	at play.sbt.run.PlayReload$.compileFailure(PlayReload.scala:30)
	at play.sbt.run.PlayReload$.$anonfun$compile$3(PlayReload.scala:65)
	at scala.util.Either$LeftProjection.map(Either.scala:573)
	at play.sbt.run.PlayReload$.compile(PlayReload.scala:65)
	at play.sbt.run.PlayRun$.$anonfun$playRunTask$4(PlayRun.scala:78)
	at play.runsupport.Reloader.$anonfun$reload$1(Reloader.scala:496)
	at play.runsupport.Reloader$$anon$1.run(Reloader.scala:57)
	at java.security.AccessController.doPrivileged(Native Method)
	at play.runsupport.Reloader$.play$runsupport$Reloader$$withReloaderContextClassLoader(Reloader.scala:63)
	at play.runsupport.Reloader.reload(Reloader.scala:496)
	at play.core.server.DevServerStart$$anon$1.get(DevServerStart.scala:141)
	at play.core.server.AkkaHttpServer.handleRequest(AkkaHttpServer.scala:302)
	at play.core.server.AkkaHttpServer.$anonfun$createServerBinding$1(AkkaHttpServer.scala:224)
	at akka.stream.impl.fusing.MapAsync$$anon$30.onPush(Ops.scala:1284)
	at akka.stream.impl.fusing.GraphInterpreter.processPush(GraphInterpreter.scala:541)
	at akka.stream.impl.fusing.GraphInterpreter.execute(GraphInterpreter.scala:423)
	at akka.stream.impl.fusing.GraphInterpreterShell.runBatch(ActorGraphInterpreter.scala:625)
	at akka.stream.impl.fusing.GraphInterpreterShell$AsyncInput.execute(ActorGraphInterpreter.scala:502)
	at akka.stream.impl.fusing.GraphInterpreterShell.processEvent(ActorGraphInterpreter.scala:600)
	at akka.stream.impl.fusing.ActorGraphInterpreter.akka$stream$impl$fusing$ActorGraphInterpreter$$processEvent(ActorGraphInterpreter.scala:769)
	at akka.stream.impl.fusing.ActorGraphInterpreter$$anonfun$receive$1.applyOrElse(ActorGraphInterpreter.scala:784)
	at akka.actor.Actor.aroundReceive(Actor.scala:537)
	at akka.actor.Actor.aroundReceive$(Actor.scala:535)
	at akka.stream.impl.fusing.ActorGraphInterpreter.aroundReceive(ActorGraphInterpreter.scala:691)
	at akka.actor.ActorCell.receiveMessage(ActorCell.scala:577)
	at akka.actor.ActorCell.invoke(ActorCell.scala:547)
	at akka.dispatch.Mailbox.processMailbox(Mailbox.scala:270)
	at akka.dispatch.Mailbox.run(Mailbox.scala:231)
	at akka.dispatch.Mailbox.exec(Mailbox.scala:243)
	at java.util.concurrent.ForkJoinTask.doExec(ForkJoinTask.java:289)
	at java.util.concurrent.ForkJoinPool$WorkQueue.runTask(ForkJoinPool.java:1056)
	at java.util.concurrent.ForkJoinPool.runWorker(ForkJoinPool.java:1692)
	at java.util.concurrent.ForkJoinWorkerThread.run(ForkJoinWorkerThread.java:175)
2021-01-31 09:57:18,060 [ERROR] from play.api.http.DefaultHttpErrorHandler in play-dev-mode-akka.actor.default-dispatcher-163 - 

! @7iibimh0o - Internal server error, for (GET) [/cards] ->
 
play.sbt.PlayExceptions$CompilationException: Compilation error[not found: value title]
	at play.sbt.PlayExceptions$CompilationException$.apply(PlayExceptions.scala:34)
	at play.sbt.PlayExceptions$CompilationException$.apply(PlayExceptions.scala:34)
	at scala.Option.map(Option.scala:230)
	at play.sbt.run.PlayReload$.$anonfun$taskFailureHandler$1(PlayReload.scala:42)
	at scala.Option.map(Option.scala:230)
	at play.sbt.run.PlayReload$.taskFailureHandler(PlayReload.scala:37)
	at play.sbt.run.PlayReload$.compileFailure(PlayReload.scala:30)
	at play.sbt.run.PlayReload$.$anonfun$compile$3(PlayReload.scala:65)
	at scala.util.Either$LeftProjection.map(Either.scala:573)
	at play.sbt.run.PlayReload$.compile(PlayReload.scala:65)
	at play.sbt.run.PlayRun$.$anonfun$playRunTask$4(PlayRun.scala:78)
	at play.runsupport.Reloader.$anonfun$reload$1(Reloader.scala:496)
	at play.runsupport.Reloader$$anon$1.run(Reloader.scala:57)
	at java.security.AccessController.doPrivileged(Native Method)
	at play.runsupport.Reloader$.play$runsupport$Reloader$$withReloaderContextClassLoader(Reloader.scala:63)
	at play.runsupport.Reloader.reload(Reloader.scala:496)
	at play.core.server.DevServerStart$$anon$1.get(DevServerStart.scala:141)
	at play.core.server.AkkaHttpServer.handleRequest(AkkaHttpServer.scala:302)
	at play.core.server.AkkaHttpServer.$anonfun$createServerBinding$1(AkkaHttpServer.scala:224)
	at akka.stream.impl.fusing.MapAsync$$anon$30.onPush(Ops.scala:1284)
	at akka.stream.impl.fusing.GraphInterpreter.processPush(GraphInterpreter.scala:541)
	at akka.stream.impl.fusing.GraphInterpreter.execute(GraphInterpreter.scala:423)
	at akka.stream.impl.fusing.GraphInterpreterShell.runBatch(ActorGraphInterpreter.scala:625)
	at akka.stream.impl.fusing.GraphInterpreterShell$AsyncInput.execute(ActorGraphInterpreter.scala:502)
	at akka.stream.impl.fusing.GraphInterpreterShell.processEvent(ActorGraphInterpreter.scala:600)
	at akka.stream.impl.fusing.ActorGraphInterpreter.akka$stream$impl$fusing$ActorGraphInterpreter$$processEvent(ActorGraphInterpreter.scala:769)
	at akka.stream.impl.fusing.ActorGraphInterpreter$$anonfun$receive$1.applyOrElse(ActorGraphInterpreter.scala:784)
	at akka.actor.Actor.aroundReceive(Actor.scala:537)
	at akka.actor.Actor.aroundReceive$(Actor.scala:535)
	at akka.stream.impl.fusing.ActorGraphInterpreter.aroundReceive(ActorGraphInterpreter.scala:691)
	at akka.actor.ActorCell.receiveMessage(ActorCell.scala:577)
	at akka.actor.ActorCell.invoke(ActorCell.scala:547)
	at akka.dispatch.Mailbox.processMailbox(Mailbox.scala:270)
	at akka.dispatch.Mailbox.run(Mailbox.scala:231)
	at akka.dispatch.Mailbox.exec(Mailbox.scala:243)
	at java.util.concurrent.ForkJoinTask.doExec(ForkJoinTask.java:289)
	at java.util.concurrent.ForkJoinPool$WorkQueue.runTask(ForkJoinPool.java:1056)
	at java.util.concurrent.ForkJoinPool.runWorker(ForkJoinPool.java:1692)
	at java.util.concurrent.ForkJoinWorkerThread.run(ForkJoinWorkerThread.java:175)
2021-01-31 09:57:41,900 [INFO] from application in application-akka.actor.internal-dispatcher-15 - ApplicationTimer demo: Stopping application at 2021-01-31T02:57:41.900Z after 558s.
2021-01-31 09:57:42,128 [INFO] from application in play-dev-mode-akka.actor.default-dispatcher-158 - ApplicationTimer demo: Starting application at 2021-01-31T02:57:42.128Z
2021-01-31 09:57:42,132 [INFO] from play.api.http.EnabledFilters in play-dev-mode-akka.actor.default-dispatcher-158 - Enabled Filters (see <https://www.playframework.com/documentation/latest/Filters>):

    play.filters.csrf.CSRFFilter
    play.filters.headers.SecurityHeadersFilter
    play.filters.hosts.AllowedHostsFilter
    filters.ExampleFilter

2021-01-31 09:57:42,137 [INFO] from play.api.Play in play-dev-mode-akka.actor.default-dispatcher-158 - Application started (Dev) (no global state)
2021-01-31 09:58:58,940 [INFO] from application in application-akka.actor.internal-dispatcher-15 - ApplicationTimer demo: Stopping application at 2021-01-31T02:58:58.940Z after 76s.
2021-01-31 09:58:59,133 [INFO] from application in play-dev-mode-akka.actor.default-dispatcher-160 - ApplicationTimer demo: Starting application at 2021-01-31T02:58:59.133Z
2021-01-31 09:58:59,137 [INFO] from play.api.http.EnabledFilters in play-dev-mode-akka.actor.default-dispatcher-160 - Enabled Filters (see <https://www.playframework.com/documentation/latest/Filters>):

    play.filters.csrf.CSRFFilter
    play.filters.headers.SecurityHeadersFilter
    play.filters.hosts.AllowedHostsFilter
    filters.ExampleFilter

2021-01-31 09:58:59,142 [INFO] from play.api.Play in play-dev-mode-akka.actor.default-dispatcher-160 - Application started (Dev) (no global state)
2021-01-31 10:00:04,612 [INFO] from application in application-akka.actor.internal-dispatcher-18 - ApplicationTimer demo: Stopping application at 2021-01-31T03:00:04.612Z after 65s.
2021-01-31 10:00:04,799 [INFO] from application in play-dev-mode-akka.actor.default-dispatcher-171 - ApplicationTimer demo: Starting application at 2021-01-31T03:00:04.799Z
2021-01-31 10:00:04,802 [INFO] from play.api.http.EnabledFilters in play-dev-mode-akka.actor.default-dispatcher-171 - Enabled Filters (see <https://www.playframework.com/documentation/latest/Filters>):

    play.filters.csrf.CSRFFilter
    play.filters.headers.SecurityHeadersFilter
    play.filters.hosts.AllowedHostsFilter
    filters.ExampleFilter

2021-01-31 10:00:04,806 [INFO] from play.api.Play in play-dev-mode-akka.actor.default-dispatcher-171 - Application started (Dev) (no global state)
2021-01-31 10:05:14,898 [INFO] from application in application-akka.actor.internal-dispatcher-40 - ApplicationTimer demo: Stopping application at 2021-01-31T03:05:14.898Z after 310s.
2021-01-31 10:05:15,117 [INFO] from application in play-dev-mode-akka.actor.default-dispatcher-164 - ApplicationTimer demo: Starting application at 2021-01-31T03:05:15.117Z
2021-01-31 10:05:15,120 [INFO] from play.api.http.EnabledFilters in play-dev-mode-akka.actor.default-dispatcher-164 - Enabled Filters (see <https://www.playframework.com/documentation/latest/Filters>):

    play.filters.csrf.CSRFFilter
    play.filters.headers.SecurityHeadersFilter
    play.filters.hosts.AllowedHostsFilter
    filters.ExampleFilter

2021-01-31 10:05:15,125 [INFO] from play.api.Play in play-dev-mode-akka.actor.default-dispatcher-164 - Application started (Dev) (no global state)
2021-01-31 10:07:08,921 [INFO] from application in application-akka.actor.internal-dispatcher-20 - ApplicationTimer demo: Stopping application at 2021-01-31T03:07:08.921Z after 113s.
2021-01-31 10:07:09,121 [INFO] from application in play-dev-mode-akka.actor.default-dispatcher-304 - ApplicationTimer demo: Starting application at 2021-01-31T03:07:09.121Z
2021-01-31 10:07:09,125 [INFO] from play.api.http.EnabledFilters in play-dev-mode-akka.actor.default-dispatcher-304 - Enabled Filters (see <https://www.playframework.com/documentation/latest/Filters>):

    play.filters.csrf.CSRFFilter
    play.filters.headers.SecurityHeadersFilter
    play.filters.hosts.AllowedHostsFilter
    filters.ExampleFilter

2021-01-31 10:07:09,129 [INFO] from play.api.Play in play-dev-mode-akka.actor.default-dispatcher-304 - Application started (Dev) (no global state)
2021-01-31 10:17:07,726 [INFO] from application in application-akka.actor.internal-dispatcher-19 - ApplicationTimer demo: Stopping application at 2021-01-31T03:17:07.726Z after 598s.
2021-01-31 10:17:07,911 [INFO] from application in play-dev-mode-akka.actor.default-dispatcher-325 - ApplicationTimer demo: Starting application at 2021-01-31T03:17:07.911Z
2021-01-31 10:17:07,915 [INFO] from play.api.http.EnabledFilters in play-dev-mode-akka.actor.default-dispatcher-325 - Enabled Filters (see <https://www.playframework.com/documentation/latest/Filters>):

    play.filters.csrf.CSRFFilter
    play.filters.headers.SecurityHeadersFilter
    play.filters.hosts.AllowedHostsFilter
    filters.ExampleFilter

2021-01-31 10:17:07,921 [INFO] from play.api.Play in play-dev-mode-akka.actor.default-dispatcher-325 - Application started (Dev) (no global state)
2021-01-31 10:17:26,973 [INFO] from application in application-akka.actor.internal-dispatcher-8 - ApplicationTimer demo: Stopping application at 2021-01-31T03:17:26.973Z after 19s.
2021-01-31 10:17:27,133 [INFO] from application in play-dev-mode-akka.actor.default-dispatcher-325 - ApplicationTimer demo: Starting application at 2021-01-31T03:17:27.133Z
2021-01-31 10:17:27,136 [INFO] from play.api.http.EnabledFilters in play-dev-mode-akka.actor.default-dispatcher-325 - Enabled Filters (see <https://www.playframework.com/documentation/latest/Filters>):

    play.filters.csrf.CSRFFilter
    play.filters.headers.SecurityHeadersFilter
    play.filters.hosts.AllowedHostsFilter
    filters.ExampleFilter

2021-01-31 10:17:27,140 [INFO] from play.api.Play in play-dev-mode-akka.actor.default-dispatcher-325 - Application started (Dev) (no global state)
2021-01-31 10:17:56,217 [INFO] from application in application-akka.actor.internal-dispatcher-2 - ApplicationTimer demo: Stopping application at 2021-01-31T03:17:56.217Z after 29s.
2021-01-31 10:17:56,396 [INFO] from application in play-dev-mode-akka.actor.default-dispatcher-326 - ApplicationTimer demo: Starting application at 2021-01-31T03:17:56.396Z
2021-01-31 10:17:56,399 [INFO] from play.api.http.EnabledFilters in play-dev-mode-akka.actor.default-dispatcher-326 - Enabled Filters (see <https://www.playframework.com/documentation/latest/Filters>):

    play.filters.csrf.CSRFFilter
    play.filters.headers.SecurityHeadersFilter
    play.filters.hosts.AllowedHostsFilter
    filters.ExampleFilter

2021-01-31 10:17:56,402 [INFO] from play.api.Play in play-dev-mode-akka.actor.default-dispatcher-326 - Application started (Dev) (no global state)
2021-01-31 10:20:23,866 [INFO] from application in application-akka.actor.internal-dispatcher-17 - ApplicationTimer demo: Stopping application at 2021-01-31T03:20:23.866Z after 147s.
2021-01-31 10:20:24,104 [INFO] from application in play-dev-mode-akka.actor.default-dispatcher-347 - ApplicationTimer demo: Starting application at 2021-01-31T03:20:24.104Z
2021-01-31 10:20:24,108 [INFO] from play.api.http.EnabledFilters in play-dev-mode-akka.actor.default-dispatcher-347 - Enabled Filters (see <https://www.playframework.com/documentation/latest/Filters>):

    play.filters.csrf.CSRFFilter
    play.filters.headers.SecurityHeadersFilter
    play.filters.hosts.AllowedHostsFilter
    filters.ExampleFilter

2021-01-31 10:20:24,112 [INFO] from play.api.Play in play-dev-mode-akka.actor.default-dispatcher-347 - Application started (Dev) (no global state)
2021-01-31 10:23:21,781 [INFO] from application in application-akka.actor.internal-dispatcher-18 - ApplicationTimer demo: Stopping application at 2021-01-31T03:23:21.781Z after 177s.
2021-01-31 10:23:22,122 [INFO] from application in play-dev-mode-akka.actor.default-dispatcher-367 - ApplicationTimer demo: Starting application at 2021-01-31T03:23:22.122Z
2021-01-31 10:23:22,126 [INFO] from play.api.http.EnabledFilters in play-dev-mode-akka.actor.default-dispatcher-367 - Enabled Filters (see <https://www.playframework.com/documentation/latest/Filters>):

    play.filters.csrf.CSRFFilter
    play.filters.headers.SecurityHeadersFilter
    play.filters.hosts.AllowedHostsFilter
    filters.ExampleFilter

2021-01-31 10:23:22,133 [INFO] from play.api.Play in play-dev-mode-akka.actor.default-dispatcher-367 - Application started (Dev) (no global state)
2021-01-31 10:25:01,284 [INFO] from application in application-akka.actor.internal-dispatcher-29 - ApplicationTimer demo: Stopping application at 2021-01-31T03:25:01.284Z after 99s.
2021-01-31 10:25:01,481 [INFO] from application in play-dev-mode-akka.actor.default-dispatcher-370 - ApplicationTimer demo: Starting application at 2021-01-31T03:25:01.481Z
2021-01-31 10:25:01,485 [INFO] from play.api.http.EnabledFilters in play-dev-mode-akka.actor.default-dispatcher-370 - Enabled Filters (see <https://www.playframework.com/documentation/latest/Filters>):

    play.filters.csrf.CSRFFilter
    play.filters.headers.SecurityHeadersFilter
    play.filters.hosts.AllowedHostsFilter
    filters.ExampleFilter

2021-01-31 10:25:01,488 [INFO] from play.api.Play in play-dev-mode-akka.actor.default-dispatcher-370 - Application started (Dev) (no global state)
2021-01-31 10:25:23,461 [INFO] from application in application-akka.actor.internal-dispatcher-7 - ApplicationTimer demo: Stopping application at 2021-01-31T03:25:23.461Z after 22s.
2021-01-31 10:25:23,632 [INFO] from application in play-dev-mode-akka.actor.default-dispatcher-371 - ApplicationTimer demo: Starting application at 2021-01-31T03:25:23.632Z
2021-01-31 10:25:23,635 [INFO] from play.api.http.EnabledFilters in play-dev-mode-akka.actor.default-dispatcher-371 - Enabled Filters (see <https://www.playframework.com/documentation/latest/Filters>):

    play.filters.csrf.CSRFFilter
    play.filters.headers.SecurityHeadersFilter
    play.filters.hosts.AllowedHostsFilter
    filters.ExampleFilter

2021-01-31 10:25:23,637 [INFO] from play.api.Play in play-dev-mode-akka.actor.default-dispatcher-371 - Application started (Dev) (no global state)
2021-01-31 10:27:37,734 [ERROR] from play.api.http.DefaultHttpErrorHandler in play-dev-mode-akka.actor.default-dispatcher-371 - 

! @7iibmm4l7 - Internal server error, for (GET) [/borders] ->
 
play.sbt.PlayExceptions$CompilationException: Compilation error[value others is not a member of controllers.HomeController]
	at play.sbt.PlayExceptions$CompilationException$.apply(PlayExceptions.scala:34)
	at play.sbt.PlayExceptions$CompilationException$.apply(PlayExceptions.scala:34)
	at scala.Option.map(Option.scala:230)
	at play.sbt.run.PlayReload$.$anonfun$taskFailureHandler$1(PlayReload.scala:42)
	at scala.Option.map(Option.scala:230)
	at play.sbt.run.PlayReload$.taskFailureHandler(PlayReload.scala:37)
	at play.sbt.run.PlayReload$.compileFailure(PlayReload.scala:30)
	at play.sbt.run.PlayReload$.$anonfun$compile$3(PlayReload.scala:65)
	at scala.util.Either$LeftProjection.map(Either.scala:573)
	at play.sbt.run.PlayReload$.compile(PlayReload.scala:65)
	at play.sbt.run.PlayRun$.$anonfun$playRunTask$4(PlayRun.scala:78)
	at play.runsupport.Reloader.$anonfun$reload$1(Reloader.scala:496)
	at play.runsupport.Reloader$$anon$1.run(Reloader.scala:57)
	at java.security.AccessController.doPrivileged(Native Method)
	at play.runsupport.Reloader$.play$runsupport$Reloader$$withReloaderContextClassLoader(Reloader.scala:63)
	at play.runsupport.Reloader.reload(Reloader.scala:496)
	at play.core.server.DevServerStart$$anon$1.get(DevServerStart.scala:141)
	at play.core.server.AkkaHttpServer.handleRequest(AkkaHttpServer.scala:302)
	at play.core.server.AkkaHttpServer.$anonfun$createServerBinding$1(AkkaHttpServer.scala:224)
	at akka.stream.impl.fusing.MapAsync$$anon$30.onPush(Ops.scala:1284)
	at akka.stream.impl.fusing.GraphInterpreter.processPush(GraphInterpreter.scala:541)
	at akka.stream.impl.fusing.GraphInterpreter.execute(GraphInterpreter.scala:423)
	at akka.stream.impl.fusing.GraphInterpreterShell.runBatch(ActorGraphInterpreter.scala:625)
	at akka.stream.impl.fusing.GraphInterpreterShell$AsyncInput.execute(ActorGraphInterpreter.scala:502)
	at akka.stream.impl.fusing.GraphInterpreterShell.processEvent(ActorGraphInterpreter.scala:600)
	at akka.stream.impl.fusing.ActorGraphInterpreter.akka$stream$impl$fusing$ActorGraphInterpreter$$processEvent(ActorGraphInterpreter.scala:769)
	at akka.stream.impl.fusing.ActorGraphInterpreter$$anonfun$receive$1.applyOrElse(ActorGraphInterpreter.scala:784)
	at akka.actor.Actor.aroundReceive(Actor.scala:537)
	at akka.actor.Actor.aroundReceive$(Actor.scala:535)
	at akka.stream.impl.fusing.ActorGraphInterpreter.aroundReceive(ActorGraphInterpreter.scala:691)
	at akka.actor.ActorCell.receiveMessage(ActorCell.scala:577)
	at akka.actor.ActorCell.invoke(ActorCell.scala:547)
	at akka.dispatch.Mailbox.processMailbox(Mailbox.scala:270)
	at akka.dispatch.Mailbox.run(Mailbox.scala:231)
	at akka.dispatch.Mailbox.exec(Mailbox.scala:243)
	at java.util.concurrent.ForkJoinTask.doExec(ForkJoinTask.java:289)
	at java.util.concurrent.ForkJoinPool$WorkQueue.runTask(ForkJoinPool.java:1056)
	at java.util.concurrent.ForkJoinPool.runWorker(ForkJoinPool.java:1692)
	at java.util.concurrent.ForkJoinWorkerThread.run(ForkJoinWorkerThread.java:175)
2021-01-31 10:28:05,831 [INFO] from application in application-akka.actor.internal-dispatcher-15 - ApplicationTimer demo: Stopping application at 2021-01-31T03:28:05.831Z after 162s.
2021-01-31 10:28:06,025 [INFO] from application in play-dev-mode-akka.actor.default-dispatcher-371 - ApplicationTimer demo: Starting application at 2021-01-31T03:28:06.025Z
2021-01-31 10:28:06,029 [INFO] from play.api.http.EnabledFilters in play-dev-mode-akka.actor.default-dispatcher-371 - Enabled Filters (see <https://www.playframework.com/documentation/latest/Filters>):

    play.filters.csrf.CSRFFilter
    play.filters.headers.SecurityHeadersFilter
    play.filters.hosts.AllowedHostsFilter
    filters.ExampleFilter

2021-01-31 10:28:06,032 [INFO] from play.api.Play in play-dev-mode-akka.actor.default-dispatcher-371 - Application started (Dev) (no global state)
2021-01-31 11:44:05,914 [INFO] from application in application-akka.actor.internal-dispatcher-25 - ApplicationTimer demo: Stopping application at 2021-01-31T04:44:05.914Z after 4559s.
2021-01-31 11:44:06,082 [INFO] from application in play-dev-mode-akka.actor.default-dispatcher-454 - ApplicationTimer demo: Starting application at 2021-01-31T04:44:06.082Z
2021-01-31 11:44:06,085 [INFO] from play.api.http.EnabledFilters in play-dev-mode-akka.actor.default-dispatcher-454 - Enabled Filters (see <https://www.playframework.com/documentation/latest/Filters>):

    play.filters.csrf.CSRFFilter
    play.filters.headers.SecurityHeadersFilter
    play.filters.hosts.AllowedHostsFilter
    filters.ExampleFilter

2021-01-31 11:44:06,087 [INFO] from play.api.Play in play-dev-mode-akka.actor.default-dispatcher-454 - Application started (Dev) (no global state)
2021-01-31 11:48:28,356 [INFO] from application in application-akka.actor.internal-dispatcher-26 - ApplicationTimer demo: Stopping application at 2021-01-31T04:48:28.356Z after 262s.
2021-01-31 11:48:28,518 [INFO] from application in play-dev-mode-akka.actor.default-dispatcher-514 - ApplicationTimer demo: Starting application at 2021-01-31T04:48:28.518Z
2021-01-31 11:48:28,519 [INFO] from play.api.http.EnabledFilters in play-dev-mode-akka.actor.default-dispatcher-514 - Enabled Filters (see <https://www.playframework.com/documentation/latest/Filters>):

    play.filters.csrf.CSRFFilter
    play.filters.headers.SecurityHeadersFilter
    play.filters.hosts.AllowedHostsFilter
    filters.ExampleFilter

2021-01-31 11:48:28,523 [INFO] from play.api.Play in play-dev-mode-akka.actor.default-dispatcher-514 - Application started (Dev) (no global state)
2021-01-31 11:50:16,809 [INFO] from application in application-akka.actor.internal-dispatcher-17 - ApplicationTimer demo: Stopping application at 2021-01-31T04:50:16.809Z after 108s.
2021-01-31 11:50:16,967 [INFO] from application in play-dev-mode-akka.actor.default-dispatcher-518 - ApplicationTimer demo: Starting application at 2021-01-31T04:50:16.967Z
2021-01-31 11:50:16,970 [INFO] from play.api.http.EnabledFilters in play-dev-mode-akka.actor.default-dispatcher-518 - Enabled Filters (see <https://www.playframework.com/documentation/latest/Filters>):

    play.filters.csrf.CSRFFilter
    play.filters.headers.SecurityHeadersFilter
    play.filters.hosts.AllowedHostsFilter
    filters.ExampleFilter

2021-01-31 11:50:16,973 [INFO] from play.api.Play in play-dev-mode-akka.actor.default-dispatcher-518 - Application started (Dev) (no global state)
2021-01-31 11:50:44,947 [INFO] from application in application-akka.actor.internal-dispatcher-7 - ApplicationTimer demo: Stopping application at 2021-01-31T04:50:44.947Z after 28s.
2021-01-31 11:50:45,137 [INFO] from application in play-dev-mode-akka.actor.default-dispatcher-522 - ApplicationTimer demo: Starting application at 2021-01-31T04:50:45.137Z
2021-01-31 11:50:45,139 [INFO] from play.api.http.EnabledFilters in play-dev-mode-akka.actor.default-dispatcher-522 - Enabled Filters (see <https://www.playframework.com/documentation/latest/Filters>):

    play.filters.csrf.CSRFFilter
    play.filters.headers.SecurityHeadersFilter
    play.filters.hosts.AllowedHostsFilter
    filters.ExampleFilter

2021-01-31 11:50:45,141 [INFO] from play.api.Play in play-dev-mode-akka.actor.default-dispatcher-522 - Application started (Dev) (no global state)
2021-01-31 11:52:36,317 [INFO] from application in application-akka.actor.internal-dispatcher-19 - ApplicationTimer demo: Stopping application at 2021-01-31T04:52:36.317Z after 111s.
2021-01-31 11:52:36,479 [INFO] from application in play-dev-mode-akka.actor.default-dispatcher-528 - ApplicationTimer demo: Starting application at 2021-01-31T04:52:36.479Z
2021-01-31 11:52:36,483 [INFO] from play.api.http.EnabledFilters in play-dev-mode-akka.actor.default-dispatcher-528 - Enabled Filters (see <https://www.playframework.com/documentation/latest/Filters>):

    play.filters.csrf.CSRFFilter
    play.filters.headers.SecurityHeadersFilter
    play.filters.hosts.AllowedHostsFilter
    filters.ExampleFilter

2021-01-31 11:52:36,485 [INFO] from play.api.Play in play-dev-mode-akka.actor.default-dispatcher-528 - Application started (Dev) (no global state)
2021-01-31 11:54:25,425 [INFO] from application in application-akka.actor.internal-dispatcher-25 - ApplicationTimer demo: Stopping application at 2021-01-31T04:54:25.425Z after 109s.
2021-01-31 11:54:25,619 [INFO] from application in play-dev-mode-akka.actor.default-dispatcher-528 - ApplicationTimer demo: Starting application at 2021-01-31T04:54:25.619Z
2021-01-31 11:54:25,622 [INFO] from play.api.http.EnabledFilters in play-dev-mode-akka.actor.default-dispatcher-528 - Enabled Filters (see <https://www.playframework.com/documentation/latest/Filters>):

    play.filters.csrf.CSRFFilter
    play.filters.headers.SecurityHeadersFilter
    play.filters.hosts.AllowedHostsFilter
    filters.ExampleFilter

2021-01-31 11:54:25,624 [INFO] from play.api.Play in play-dev-mode-akka.actor.default-dispatcher-528 - Application started (Dev) (no global state)
2021-01-31 11:57:18,636 [ERROR] from play.api.http.DefaultHttpErrorHandler in play-dev-mode-akka.actor.default-dispatcher-565 - 

! @7iic8g8i6 - Internal server error, for (GET) [/borders] ->
 
play.sbt.routes.RoutesCompilationException: Compilation error[end of input expected]
	at play.sbt.routes.RoutesCompiler$.$anonfun$compileRoutes$4(RoutesCompiler.scala:180)
	at scala.collection.TraversableLike.$anonfun$map$1(TraversableLike.scala:238)
	at scala.collection.immutable.List.foreach(List.scala:392)
	at scala.collection.TraversableLike.map(TraversableLike.scala:238)
	at scala.collection.TraversableLike.map$(TraversableLike.scala:231)
	at scala.collection.immutable.List.map(List.scala:298)
	at play.sbt.routes.RoutesCompiler$.compileRoutes(RoutesCompiler.scala:178)
	at play.sbt.routes.RoutesCompiler$.$anonfun$compileRoutesFiles$1(RoutesCompiler.scala:148)
	at scala.Function1.$anonfun$compose$1(Function1.scala:49)
	at sbt.internal.util.$tilde$greater.$anonfun$$u2219$1(TypeFunctions.scala:62)
	at sbt.std.Transform$$anon$4.work(Transform.scala:67)
	at sbt.Execute.$anonfun$submit$2(Execute.scala:281)
	at sbt.internal.util.ErrorHandling$.wideConvert(ErrorHandling.scala:19)
	at sbt.Execute.work(Execute.scala:290)
	at sbt.Execute.$anonfun$submit$1(Execute.scala:281)
	at sbt.ConcurrentRestrictions$$anon$4.$anonfun$submitValid$1(ConcurrentRestrictions.scala:178)
	at sbt.CompletionService$$anon$2.call(CompletionService.scala:37)
	at java.util.concurrent.FutureTask.run(FutureTask.java:266)
	at java.util.concurrent.Executors$RunnableAdapter.call(Executors.java:511)
	at java.util.concurrent.FutureTask.run(FutureTask.java:266)
	at java.util.concurrent.ThreadPoolExecutor.runWorker(ThreadPoolExecutor.java:1149)
	at java.util.concurrent.ThreadPoolExecutor$Worker.run(ThreadPoolExecutor.java:624)
	at java.lang.Thread.run(Thread.java:748)
2021-01-31 11:57:52,588 [ERROR] from play.api.http.DefaultHttpErrorHandler in play-dev-mode-akka.actor.default-dispatcher-564 - 

! @7iic8i6oa - Internal server error, for (GET) [/borders] ->
 
play.sbt.routes.RoutesCompilationException: Compilation error[end of input expected]
	at play.sbt.routes.RoutesCompiler$.$anonfun$compileRoutes$4(RoutesCompiler.scala:180)
	at scala.collection.TraversableLike.$anonfun$map$1(TraversableLike.scala:238)
	at scala.collection.immutable.List.foreach(List.scala:392)
	at scala.collection.TraversableLike.map(TraversableLike.scala:238)
	at scala.collection.TraversableLike.map$(TraversableLike.scala:231)
	at scala.collection.immutable.List.map(List.scala:298)
	at play.sbt.routes.RoutesCompiler$.compileRoutes(RoutesCompiler.scala:178)
	at play.sbt.routes.RoutesCompiler$.$anonfun$compileRoutesFiles$1(RoutesCompiler.scala:148)
	at scala.Function1.$anonfun$compose$1(Function1.scala:49)
	at sbt.internal.util.$tilde$greater.$anonfun$$u2219$1(TypeFunctions.scala:62)
	at sbt.std.Transform$$anon$4.work(Transform.scala:67)
	at sbt.Execute.$anonfun$submit$2(Execute.scala:281)
	at sbt.internal.util.ErrorHandling$.wideConvert(ErrorHandling.scala:19)
	at sbt.Execute.work(Execute.scala:290)
	at sbt.Execute.$anonfun$submit$1(Execute.scala:281)
	at sbt.ConcurrentRestrictions$$anon$4.$anonfun$submitValid$1(ConcurrentRestrictions.scala:178)
	at sbt.CompletionService$$anon$2.call(CompletionService.scala:37)
	at java.util.concurrent.FutureTask.run(FutureTask.java:266)
	at java.util.concurrent.Executors$RunnableAdapter.call(Executors.java:511)
	at java.util.concurrent.FutureTask.run(FutureTask.java:266)
	at java.util.concurrent.ThreadPoolExecutor.runWorker(ThreadPoolExecutor.java:1149)
	at java.util.concurrent.ThreadPoolExecutor$Worker.run(ThreadPoolExecutor.java:624)
	at java.lang.Thread.run(Thread.java:748)
2021-01-31 11:58:11,190 [ERROR] from play.api.http.DefaultHttpErrorHandler in play-dev-mode-akka.actor.default-dispatcher-571 - 

! @7iic8j8cc - Internal server error, for (GET) [/borders] ->
 
play.sbt.routes.RoutesCompilationException: Compilation error[end of input expected]
	at play.sbt.routes.RoutesCompiler$.$anonfun$compileRoutes$4(RoutesCompiler.scala:180)
	at scala.collection.TraversableLike.$anonfun$map$1(TraversableLike.scala:238)
	at scala.collection.immutable.List.foreach(List.scala:392)
	at scala.collection.TraversableLike.map(TraversableLike.scala:238)
	at scala.collection.TraversableLike.map$(TraversableLike.scala:231)
	at scala.collection.immutable.List.map(List.scala:298)
	at play.sbt.routes.RoutesCompiler$.compileRoutes(RoutesCompiler.scala:178)
	at play.sbt.routes.RoutesCompiler$.$anonfun$compileRoutesFiles$1(RoutesCompiler.scala:148)
	at scala.Function1.$anonfun$compose$1(Function1.scala:49)
	at sbt.internal.util.$tilde$greater.$anonfun$$u2219$1(TypeFunctions.scala:62)
	at sbt.std.Transform$$anon$4.work(Transform.scala:67)
	at sbt.Execute.$anonfun$submit$2(Execute.scala:281)
	at sbt.internal.util.ErrorHandling$.wideConvert(ErrorHandling.scala:19)
	at sbt.Execute.work(Execute.scala:290)
	at sbt.Execute.$anonfun$submit$1(Execute.scala:281)
	at sbt.ConcurrentRestrictions$$anon$4.$anonfun$submitValid$1(ConcurrentRestrictions.scala:178)
	at sbt.CompletionService$$anon$2.call(CompletionService.scala:37)
	at java.util.concurrent.FutureTask.run(FutureTask.java:266)
	at java.util.concurrent.Executors$RunnableAdapter.call(Executors.java:511)
	at java.util.concurrent.FutureTask.run(FutureTask.java:266)
	at java.util.concurrent.ThreadPoolExecutor.runWorker(ThreadPoolExecutor.java:1149)
	at java.util.concurrent.ThreadPoolExecutor$Worker.run(ThreadPoolExecutor.java:624)
	at java.lang.Thread.run(Thread.java:748)
2021-01-31 11:58:25,223 [ERROR] from play.api.http.DefaultHttpErrorHandler in play-dev-mode-akka.actor.default-dispatcher-570 - 

! @7iic8k376 - Internal server error, for (GET) [/borders] ->
 
play.sbt.PlayExceptions$CompilationException: Compilation error[identifier expected but integer literal found.]
	at play.sbt.PlayExceptions$CompilationException$.apply(PlayExceptions.scala:34)
	at play.sbt.PlayExceptions$CompilationException$.apply(PlayExceptions.scala:34)
	at scala.Option.map(Option.scala:230)
	at play.sbt.run.PlayReload$.$anonfun$taskFailureHandler$1(PlayReload.scala:42)
	at scala.Option.map(Option.scala:230)
	at play.sbt.run.PlayReload$.taskFailureHandler(PlayReload.scala:37)
	at play.sbt.run.PlayReload$.compileFailure(PlayReload.scala:30)
	at play.sbt.run.PlayReload$.$anonfun$compile$3(PlayReload.scala:65)
	at scala.util.Either$LeftProjection.map(Either.scala:573)
	at play.sbt.run.PlayReload$.compile(PlayReload.scala:65)
	at play.sbt.run.PlayRun$.$anonfun$playRunTask$4(PlayRun.scala:78)
	at play.runsupport.Reloader.$anonfun$reload$1(Reloader.scala:496)
	at play.runsupport.Reloader$$anon$1.run(Reloader.scala:57)
	at java.security.AccessController.doPrivileged(Native Method)
	at play.runsupport.Reloader$.play$runsupport$Reloader$$withReloaderContextClassLoader(Reloader.scala:63)
	at play.runsupport.Reloader.reload(Reloader.scala:496)
	at play.core.server.DevServerStart$$anon$1.get(DevServerStart.scala:141)
	at play.core.server.AkkaHttpServer.handleRequest(AkkaHttpServer.scala:302)
	at play.core.server.AkkaHttpServer.$anonfun$createServerBinding$1(AkkaHttpServer.scala:224)
	at akka.stream.impl.fusing.MapAsync$$anon$30.onPush(Ops.scala:1284)
	at akka.stream.impl.fusing.GraphInterpreter.processPush(GraphInterpreter.scala:541)
	at akka.stream.impl.fusing.GraphInterpreter.execute(GraphInterpreter.scala:423)
	at akka.stream.impl.fusing.GraphInterpreterShell.runBatch(ActorGraphInterpreter.scala:625)
	at akka.stream.impl.fusing.GraphInterpreterShell$AsyncInput.execute(ActorGraphInterpreter.scala:502)
	at akka.stream.impl.fusing.GraphInterpreterShell.processEvent(ActorGraphInterpreter.scala:600)
	at akka.stream.impl.fusing.ActorGraphInterpreter.akka$stream$impl$fusing$ActorGraphInterpreter$$processEvent(ActorGraphInterpreter.scala:769)
	at akka.stream.impl.fusing.ActorGraphInterpreter$$anonfun$receive$1.applyOrElse(ActorGraphInterpreter.scala:784)
	at akka.actor.Actor.aroundReceive(Actor.scala:537)
	at akka.actor.Actor.aroundReceive$(Actor.scala:535)
	at akka.stream.impl.fusing.ActorGraphInterpreter.aroundReceive(ActorGraphInterpreter.scala:691)
	at akka.actor.ActorCell.receiveMessage(ActorCell.scala:577)
	at akka.actor.ActorCell.invoke(ActorCell.scala:547)
	at akka.dispatch.Mailbox.processMailbox(Mailbox.scala:270)
	at akka.dispatch.Mailbox.run(Mailbox.scala:231)
	at akka.dispatch.Mailbox.exec(Mailbox.scala:243)
	at java.util.concurrent.ForkJoinTask.doExec(ForkJoinTask.java:289)
	at java.util.concurrent.ForkJoinPool$WorkQueue.runTask(ForkJoinPool.java:1056)
	at java.util.concurrent.ForkJoinPool.runWorker(ForkJoinPool.java:1692)
	at java.util.concurrent.ForkJoinWorkerThread.run(ForkJoinWorkerThread.java:175)
2021-01-31 11:59:01,278 [INFO] from application in application-akka.actor.internal-dispatcher-12 - ApplicationTimer demo: Stopping application at 2021-01-31T04:59:01.278Z after 276s.
2021-01-31 11:59:01,443 [INFO] from application in play-dev-mode-akka.actor.default-dispatcher-570 - ApplicationTimer demo: Starting application at 2021-01-31T04:59:01.443Z
2021-01-31 11:59:01,446 [INFO] from play.api.http.EnabledFilters in play-dev-mode-akka.actor.default-dispatcher-570 - Enabled Filters (see <https://www.playframework.com/documentation/latest/Filters>):

    play.filters.csrf.CSRFFilter
    play.filters.headers.SecurityHeadersFilter
    play.filters.hosts.AllowedHostsFilter
    filters.ExampleFilter

2021-01-31 11:59:01,448 [INFO] from play.api.Play in play-dev-mode-akka.actor.default-dispatcher-570 - Application started (Dev) (no global state)
2021-01-31 12:00:22,850 [INFO] from application in application-akka.actor.internal-dispatcher-15 - ApplicationTimer demo: Stopping application at 2021-01-31T05:00:22.850Z after 81s.
2021-01-31 12:00:23,012 [INFO] from application in play-dev-mode-akka.actor.default-dispatcher-571 - ApplicationTimer demo: Starting application at 2021-01-31T05:00:23.012Z
2021-01-31 12:00:23,015 [INFO] from play.api.http.EnabledFilters in play-dev-mode-akka.actor.default-dispatcher-571 - Enabled Filters (see <https://www.playframework.com/documentation/latest/Filters>):

    play.filters.csrf.CSRFFilter
    play.filters.headers.SecurityHeadersFilter
    play.filters.hosts.AllowedHostsFilter
    filters.ExampleFilter

2021-01-31 12:00:23,018 [INFO] from play.api.Play in play-dev-mode-akka.actor.default-dispatcher-571 - Application started (Dev) (no global state)
2021-01-31 12:02:39,755 [INFO] from application in application-akka.actor.internal-dispatcher-16 - ApplicationTimer demo: Stopping application at 2021-01-31T05:02:39.755Z after 136s.
2021-01-31 12:02:39,921 [INFO] from application in play-dev-mode-akka.actor.default-dispatcher-615 - ApplicationTimer demo: Starting application at 2021-01-31T05:02:39.921Z
2021-01-31 12:02:39,924 [INFO] from play.api.http.EnabledFilters in play-dev-mode-akka.actor.default-dispatcher-615 - Enabled Filters (see <https://www.playframework.com/documentation/latest/Filters>):

    play.filters.csrf.CSRFFilter
    play.filters.headers.SecurityHeadersFilter
    play.filters.hosts.AllowedHostsFilter
    filters.ExampleFilter

2021-01-31 12:02:39,927 [INFO] from play.api.Play in play-dev-mode-akka.actor.default-dispatcher-615 - Application started (Dev) (no global state)
2021-01-31 12:07:34,906 [INFO] from application in application-akka.actor.internal-dispatcher-18 - ApplicationTimer demo: Stopping application at 2021-01-31T05:07:34.906Z after 295s.
2021-01-31 12:07:35,080 [INFO] from application in play-dev-mode-akka.actor.default-dispatcher-633 - ApplicationTimer demo: Starting application at 2021-01-31T05:07:35.080Z
2021-01-31 12:07:35,083 [INFO] from play.api.http.EnabledFilters in play-dev-mode-akka.actor.default-dispatcher-633 - Enabled Filters (see <https://www.playframework.com/documentation/latest/Filters>):

    play.filters.csrf.CSRFFilter
    play.filters.headers.SecurityHeadersFilter
    play.filters.hosts.AllowedHostsFilter
    filters.ExampleFilter

2021-01-31 12:07:35,085 [INFO] from play.api.Play in play-dev-mode-akka.actor.default-dispatcher-633 - Application started (Dev) (no global state)
2021-01-31 12:13:08,886 [INFO] from application in application-akka.actor.internal-dispatcher-23 - ApplicationTimer demo: Stopping application at 2021-01-31T05:13:08.886Z after 333s.
2021-01-31 12:13:09,027 [INFO] from application in play-dev-mode-akka.actor.default-dispatcher-656 - ApplicationTimer demo: Starting application at 2021-01-31T05:13:09.027Z
2021-01-31 12:13:09,031 [INFO] from play.api.http.EnabledFilters in play-dev-mode-akka.actor.default-dispatcher-656 - Enabled Filters (see <https://www.playframework.com/documentation/latest/Filters>):

    play.filters.csrf.CSRFFilter
    play.filters.headers.SecurityHeadersFilter
    play.filters.hosts.AllowedHostsFilter
    filters.ExampleFilter

2021-01-31 12:13:09,033 [INFO] from play.api.Play in play-dev-mode-akka.actor.default-dispatcher-656 - Application started (Dev) (no global state)
2021-01-31 12:20:26,803 [INFO] from play.core.server.AkkaHttpServer in play-dev-mode-shutdown-hook-1 - Stopping Akka HTTP server...
2021-01-31 12:20:26,819 [INFO] from play.core.server.AkkaHttpServer in play-dev-mode-akka.actor.internal-dispatcher-720 - Terminating server binding for /0:0:0:0:0:0:0:0:9000
2021-01-31 12:20:26,819 [INFO] from application in application-akka.actor.internal-dispatcher-39 - ApplicationTimer demo: Stopping application at 2021-01-31T05:20:26.819Z after 437s.
2021-01-31 12:20:26,835 [INFO] from play.core.server.AkkaHttpServer in play-dev-mode-akka.actor.internal-dispatcher-720 - Running provided shutdown stop hooks
